<?xml version="1.0" encoding="UTF-8"?>
<testsuite name="AnUniversitarTest" tests="1" skipped="0" failures="0" errors="0" timestamp="2019-11-24T03:21:11" hostname="DESKTOP-4MJ27N0" time="0.067">
  <properties/>
  <testcase name="getCurentWeek()" classname="AnUniversitarTest" time="0.067"/>
  <system-out><![CDATA[]]></system-out>
  <system-err><![CDATA[]]></system-err>
</testsuite>
